<?xml version="1.0" encoding="UTF-8" standalone="no"?>
<!DOCTYPE log SYSTEM "logger.dtd">
<log>
<record>
  <date>2021-08-04T19:28:10.252179100Z</date>
  <millis>1628105290252</millis>
  <nanos>179100</nanos>
  <sequence>0</sequence>
  <logger>WANG</logger>
  <level>FINE</level>
  <class>com.huaxia.java2.LoggerExample4</class>
  <method>main</method>
  <thread>1</thread>
  <message>this is fine message</message>
</record>
<record>
  <date>2021-08-04T19:28:10.363881100Z</date>
  <millis>1628105290363</millis>
  <nanos>881100</nanos>
  <sequence>1</sequence>
  <logger>WANG</logger>
  <level>INFO</level>
  <class>com.huaxia.java2.LoggerExample4</class>
  <method>main</method>
  <thread>1</thread>
  <message>this is info message in MyClass</message>
</record>
<record>
  <date>2021-08-04T19:28:10.364878Z</date>
  <millis>1628105290364</millis>
  <nanos>878000</nanos>
  <sequence>2</sequence>
  <logger>WANG</logger>
  <level>WARNING</level>
  <class>com.huaxia.java2.LoggerExample4</class>
  <method>main</method>
  <thread>1</thread>
  <message>a test warning</message>
</record>
<record>
  <date>2021-08-04T19:28:10.365875500Z</date>
  <millis>1628105290365</millis>
  <nanos>875500</nanos>
  <sequence>3</sequence>
  <logger>WANG</logger>
  <level>SEVERE</level>
  <class>com.huaxia.java2.LoggerExample4</class>
  <method>main</method>
  <thread>1</thread>
  <message>this is a severe message</message>
</record>
</log>
