<?xml version="1.0" encoding="UTF-8" standalone="no"?>
<!DOCTYPE log SYSTEM "logger.dtd">
<log>
<record>
  <date>2021-08-04T13:32:24.213440Z</date>
  <millis>1628083944213</millis>
  <nanos>440000</nanos>
  <sequence>1</sequence>
  <logger>MyLogger</logger>
  <level>INFO</level>
  <class>com.huaxia.java2.LoggerExample2</class>
  <method>createBook</method>
  <thread>1</thread>
  <message>{}Book [_id=12345, title=Introduction to Python, price=12.99]</message>
</record>
<record>
  <date>2021-08-04T13:32:24.261319200Z</date>
  <millis>1628083944261</millis>
  <nanos>319200</nanos>
  <sequence>3</sequence>
  <logger>MyLogger</logger>
  <level>SEVERE</level>
  <class>com.huaxia.java2.LoggerExample2</class>
  <method>createBook</method>
  <thread>1</thread>
  <message>java.lang.NullPointerException: Cannot invoke "java.lang.Double.doubleValue()" because "price" is null</message>
</record>
</log>
